<?xml version="1.0" encoding="UTF-8"?>
<!-- Generated by org.testng.reporters.JUnitReportReporter -->
<testsuite hostname="christian" failures="0" tests="1" name="qaautomation.tugas4.WebTest" time="9.247" errors="0" timestamp="07 Aug 2022 17:37:07 GMT" skipped="0">
  <testcase classname="qaautomation.tugas4.WebTest" name="switchFrame" time="9.247"/>
</testsuite> <!-- qaautomation.tugas4.WebTest -->
